Using pre-set license
Built from '2020.3/release' branch; Version is '2020.3.44f1 (7f159b6136da) revision 8328603'; Using compiler version '192528614'; Build Type 'Release'
OS: 'Windows 11  (10.0.22621) 64bit Professional' Language: 'ko' Physical Memory: 15792 MB
BatchMode: 1, IsHumanControllingUs: 0, StartBugReporterOnCrash: 0, Is64bit: 1, IsPro: 0

COMMAND LINE ARGUMENTS:
D:\Program Files\Unity\2020.3.44f1\Editor\Unity.exe
-adb2
-batchMode
-noUpm
-name
AssetImportWorker0
-projectPath
D:/02.Study/10.Unity/FlappyYm
-logFile
Logs/AssetImportWorker0.log
-srvPort
52079
Successfully changed project path to: D:/02.Study/10.Unity/FlappyYm
D:/02.Study/10.Unity/FlappyYm
Using Asset Import Pipeline V2.
Player connection [7852] Host "[IP] 192.168.0.102 [Port] 1073956704 [Flags] 2 [Guid] 427154515 [EditorId] 427154515 [Version] 1048832 [Id] WindowsEditor(7,DESKTOP-ICOHF08) [Debug] 1 [PackageName] WindowsEditor [ProjectName] Editor" joined multi-casting on [225.0.0.222:54997]...

Player connection [7852] Host "[IP] 192.168.0.102 [Port] 1073956704 [Flags] 2 [Guid] 427154515 [EditorId] 427154515 [Version] 1048832 [Id] WindowsEditor(7,DESKTOP-ICOHF08) [Debug] 1 [PackageName] WindowsEditor [ProjectName] Editor" joined alternative multi-casting on [225.0.0.222:34997]...

Refreshing native plugins compatible for Editor in 48.93 ms, found 3 plugins.
Preloading 0 native plugins for Editor in 0.00 ms.
Initialize engine version: 2020.3.44f1 (7f159b6136da)
[Subsystems] Discovering subsystems at path D:/Program Files/Unity/2020.3.44f1/Editor/Data/Resources/UnitySubsystems
[Subsystems] Discovering subsystems at path D:/02.Study/10.Unity/FlappyYm/Assets
GfxDevice: creating device client; threaded=0
Direct3D:
    Version:  Direct3D 11.0 [level 11.1]
    Renderer: NVIDIA GeForce RTX 3050 Ti Laptop GPU (ID=0x25a0)
    Vendor:   
    VRAM:     3976 MB
    Driver:   31.0.15.2756
Initialize mono
Mono path[0] = 'D:/Program Files/Unity/2020.3.44f1/Editor/Data/Managed'
Mono path[1] = 'D:/Program Files/Unity/2020.3.44f1/Editor/Data/MonoBleedingEdge/lib/mono/unityjit'
Mono config path = 'D:/Program Files/Unity/2020.3.44f1/Editor/Data/MonoBleedingEdge/etc'
Using monoOptions --debugger-agent=transport=dt_socket,embedding=1,server=y,suspend=n,address=127.0.0.1:56316
Begin MonoManager ReloadAssembly
Registering precompiled unity dll's ...
Register platform support module: D:/Program Files/Unity/2020.3.44f1/Editor/Data/PlaybackEngines/WindowsStandaloneSupport/UnityEditor.WindowsStandalone.Extensions.dll
Registered in 0.000770 seconds.
Native extension for WindowsStandalone target not found
Refreshing native plugins compatible for Editor in 43.99 ms, found 3 plugins.
Preloading 0 native plugins for Editor in 0.00 ms.
Mono: successfully reloaded assembly
- Completed reload, in  0.588 seconds
Domain Reload Profiling:
	ReloadAssembly (588ms)
		BeginReloadAssembly (59ms)
			ExecutionOrderSort (0ms)
			DisableScriptedObjects (0ms)
			BackupInstance (0ms)
			ReleaseScriptingObjects (0ms)
			CreateAndSetChildDomain (1ms)
		EndReloadAssembly (463ms)
			LoadAssemblies (58ms)
			RebuildTransferFunctionScriptingTraits (0ms)
			SetupTypeCache (145ms)
			ReleaseScriptCaches (0ms)
			RebuildScriptCaches (35ms)
			SetupLoadedEditorAssemblies (175ms)
				LogAssemblyErrors (0ms)
				InitializePlatformSupportModulesInManaged (4ms)
				SetLoadedEditorAssemblies (0ms)
				RefreshPlugins (44ms)
				BeforeProcessingInitializeOnLoad (17ms)
				ProcessInitializeOnLoadAttributes (78ms)
				ProcessInitializeOnLoadMethodAttributes (31ms)
				AfterProcessingInitializeOnLoad (0ms)
				EditorAssembliesLoaded (0ms)
			ExecutionOrderSort2 (0ms)
			AwakeInstancesAfterBackupRestoration (0ms)
Platform modules already initialized, skipping
Registering precompiled user dll's ...
Registered in 0.002101 seconds.
Begin MonoManager ReloadAssembly
Native extension for WindowsStandalone target not found
Refreshing native plugins compatible for Editor in 49.18 ms, found 3 plugins.
Preloading 0 native plugins for Editor in 0.00 ms.
Mono: successfully reloaded assembly
- Completed reload, in  1.133 seconds
Domain Reload Profiling:
	ReloadAssembly (1134ms)
		BeginReloadAssembly (142ms)
			ExecutionOrderSort (0ms)
			DisableScriptedObjects (4ms)
			BackupInstance (0ms)
			ReleaseScriptingObjects (0ms)
			CreateAndSetChildDomain (20ms)
		EndReloadAssembly (937ms)
			LoadAssemblies (102ms)
			RebuildTransferFunctionScriptingTraits (0ms)
			SetupTypeCache (316ms)
			ReleaseScriptCaches (1ms)
			RebuildScriptCaches (53ms)
			SetupLoadedEditorAssemblies (365ms)
				LogAssemblyErrors (0ms)
				InitializePlatformSupportModulesInManaged (4ms)
				SetLoadedEditorAssemblies (0ms)
				RefreshPlugins (49ms)
				BeforeProcessingInitializeOnLoad (79ms)
				ProcessInitializeOnLoadAttributes (209ms)
				ProcessInitializeOnLoadMethodAttributes (21ms)
				AfterProcessingInitializeOnLoad (2ms)
				EditorAssembliesLoaded (0ms)
			ExecutionOrderSort2 (0ms)
			AwakeInstancesAfterBackupRestoration (2ms)
Platform modules already initialized, skipping
========================================================================
Worker process is ready to serve import requests
Launched and connected shader compiler UnityShaderCompiler.exe after 0.09 seconds
Refreshing native plugins compatible for Editor in 0.68 ms, found 3 plugins.
Preloading 0 native plugins for Editor in 0.00 ms.
Unloading 2193 Unused Serialized files (Serialized files now loaded: 0)
System memory in use before: 96.6 MB.
System memory in use after: 96.5 MB.

Unloading 31 unused Assets to reduce memory usage. Loaded Objects now: 2625.
Total: 4.921900 ms (FindLiveObjects: 0.273800 ms CreateObjectMapping: 0.109300 ms MarkObjects: 4.352000 ms  DeleteObjects: 0.184200 ms)

AssetImportParameters requested are different than current active one (requested -> active):
  custom:framework-win-MediaFoundation: 216162199b28c13a410421893ffa2e32 -> 
  custom:video-decoder-ogg-theora: a1e56fd34408186e4bbccfd4996cb3dc -> 
  custom:container-muxer-webm: aa71ff27fc2769a1b78a27578f13a17b -> 
  custom:container-demuxer-webm: 4f35f7cbe854078d1ac9338744f61a02 -> 
  custom:container-demuxer-ogg: 62fdf1f143b41e24485cea50d1cbac27 -> 
  custom:video-encoder-webm-vp8: eb34c28f22e8b96e1ab97ce403110664 -> 
  custom:video-decoder-webm-vp8: 9c59270c3fd7afecdb556c50c9e8de78 -> 
  custom:audio-decoder-ogg-vorbis: bf7c407c2cedff20999df2af8eb42d56 -> 
  custom:audio-encoder-webm-vorbis: bf7c407c2cedff20999df2af8eb42d56 -> 
========================================================================
Received Import Request.
  path: Assets/Plugins/Android/baseProjectTemplate.gradle
  artifactKey: Guid(e67fb91e9f6ff664eb5f0c39bccd4f11) Importer(815301076,1909f56bfc062723c751e8b465ee728b)
Start importing Assets/Plugins/Android/baseProjectTemplate.gradle using Guid(e67fb91e9f6ff664eb5f0c39bccd4f11) Importer(815301076,1909f56bfc062723c751e8b465ee728b)  -> (artifact id: '7b7cb1b00146af719c4778e44d8915fd') in 0.058884 seconds 
========================================================================
Received Prepare
Refreshing native plugins compatible for Editor in 2.76 ms, found 3 plugins.
Preloading 0 native plugins for Editor in 0.00 ms.
Unloading 18 Unused Serialized files (Serialized files now loaded: 0)
System memory in use before: 53.3 MB.
System memory in use after: 53.2 MB.

Unloading 18 unused Assets to reduce memory usage. Loaded Objects now: 2626.
Total: 3.955200 ms (FindLiveObjects: 0.240600 ms CreateObjectMapping: 0.061600 ms MarkObjects: 3.507300 ms  DeleteObjects: 0.144600 ms)

AssetImportParameters requested are different than current active one (requested -> active):
  custom:framework-win-MediaFoundation: 216162199b28c13a410421893ffa2e32 -> 
  custom:video-decoder-ogg-theora: a1e56fd34408186e4bbccfd4996cb3dc -> 
  custom:container-muxer-webm: aa71ff27fc2769a1b78a27578f13a17b -> 
  custom:container-demuxer-webm: 4f35f7cbe854078d1ac9338744f61a02 -> 
  custom:container-demuxer-ogg: 62fdf1f143b41e24485cea50d1cbac27 -> 
  custom:video-encoder-webm-vp8: eb34c28f22e8b96e1ab97ce403110664 -> 
  custom:video-decoder-webm-vp8: 9c59270c3fd7afecdb556c50c9e8de78 -> 
  custom:audio-decoder-ogg-vorbis: bf7c407c2cedff20999df2af8eb42d56 -> 
  custom:audio-encoder-webm-vorbis: bf7c407c2cedff20999df2af8eb42d56 -> 
========================================================================
Received Prepare
Refreshing native plugins compatible for Editor in 4.68 ms, found 3 plugins.
Preloading 0 native plugins for Editor in 0.00 ms.
Unloading 18 Unused Serialized files (Serialized files now loaded: 0)
System memory in use before: 53.3 MB.
System memory in use after: 53.2 MB.

Unloading 18 unused Assets to reduce memory usage. Loaded Objects now: 2626.
Total: 5.881400 ms (FindLiveObjects: 0.359100 ms CreateObjectMapping: 0.119000 ms MarkObjects: 5.221700 ms  DeleteObjects: 0.179800 ms)

AssetImportParameters requested are different than current active one (requested -> active):
  custom:framework-win-MediaFoundation: 216162199b28c13a410421893ffa2e32 -> 
  custom:video-decoder-ogg-theora: a1e56fd34408186e4bbccfd4996cb3dc -> 
  custom:container-muxer-webm: aa71ff27fc2769a1b78a27578f13a17b -> 
  custom:container-demuxer-webm: 4f35f7cbe854078d1ac9338744f61a02 -> 
  custom:container-demuxer-ogg: 62fdf1f143b41e24485cea50d1cbac27 -> 
  custom:video-encoder-webm-vp8: eb34c28f22e8b96e1ab97ce403110664 -> 
  custom:video-decoder-webm-vp8: 9c59270c3fd7afecdb556c50c9e8de78 -> 
  custom:audio-decoder-ogg-vorbis: bf7c407c2cedff20999df2af8eb42d56 -> 
  custom:audio-encoder-webm-vorbis: bf7c407c2cedff20999df2af8eb42d56 -> 
========================================================================
Received Import Request.
  Time since last request: 433.209462 seconds.
  path: Assets/Plugins/Android/gradleTemplate.properties.DISABLED
  artifactKey: Guid(4256d0388ea3e324ba0dc78f11a41c13) Importer(815301076,1909f56bfc062723c751e8b465ee728b)
Start importing Assets/Plugins/Android/gradleTemplate.properties.DISABLED using Guid(4256d0388ea3e324ba0dc78f11a41c13) Importer(815301076,1909f56bfc062723c751e8b465ee728b)  -> (artifact id: '50dbe3d011cb8d19a5b5764f7299edb7') in 0.018284 seconds 
========================================================================
Received Prepare
Refreshing native plugins compatible for Editor in 4.96 ms, found 3 plugins.
Preloading 0 native plugins for Editor in 0.00 ms.
Unloading 18 Unused Serialized files (Serialized files now loaded: 0)
System memory in use before: 53.3 MB.
System memory in use after: 53.2 MB.

Unloading 18 unused Assets to reduce memory usage. Loaded Objects now: 2626.
Total: 6.739400 ms (FindLiveObjects: 0.286900 ms CreateObjectMapping: 0.090500 ms MarkObjects: 6.056100 ms  DeleteObjects: 0.303600 ms)

AssetImportParameters requested are different than current active one (requested -> active):
  custom:framework-win-MediaFoundation: 216162199b28c13a410421893ffa2e32 -> 
  custom:video-decoder-ogg-theora: a1e56fd34408186e4bbccfd4996cb3dc -> 
  custom:container-muxer-webm: aa71ff27fc2769a1b78a27578f13a17b -> 
  custom:container-demuxer-webm: 4f35f7cbe854078d1ac9338744f61a02 -> 
  custom:container-demuxer-ogg: 62fdf1f143b41e24485cea50d1cbac27 -> 
  custom:video-encoder-webm-vp8: eb34c28f22e8b96e1ab97ce403110664 -> 
  custom:video-decoder-webm-vp8: 9c59270c3fd7afecdb556c50c9e8de78 -> 
  custom:audio-decoder-ogg-vorbis: bf7c407c2cedff20999df2af8eb42d56 -> 
  custom:audio-encoder-webm-vorbis: bf7c407c2cedff20999df2af8eb42d56 -> 
========================================================================
Received Import Request.
  Time since last request: 89.966167 seconds.
  path: Assets/Plugins/Android/baseProjectTemplate.gradle
  artifactKey: Guid(7c1af21925b3d2e4082320a230f33755) Importer(815301076,1909f56bfc062723c751e8b465ee728b)
Start importing Assets/Plugins/Android/baseProjectTemplate.gradle using Guid(7c1af21925b3d2e4082320a230f33755) Importer(815301076,1909f56bfc062723c751e8b465ee728b)  -> (artifact id: '2f8dd434291f6ab1af9d95b2e26c372b') in 0.004027 seconds 
========================================================================
Received Import Request.
  Time since last request: 4.657135 seconds.
  path: Assets/Plugins/Android/mainTemplate.gradle
  artifactKey: Guid(597382be34ba97f4494f2eaaaf698f6a) Importer(815301076,1909f56bfc062723c751e8b465ee728b)
Start importing Assets/Plugins/Android/mainTemplate.gradle using Guid(597382be34ba97f4494f2eaaaf698f6a) Importer(815301076,1909f56bfc062723c751e8b465ee728b)  -> (artifact id: '0b3b430ee81e3b3e212cd98c7fd5e3a1') in 0.007643 seconds 
========================================================================
Received Import Request.
  Time since last request: 10.681111 seconds.
  path: Assets/Plugins/Android/mainTemplate.gradle.DISABLED
  artifactKey: Guid(597382be34ba97f4494f2eaaaf698f6a) Importer(815301076,1909f56bfc062723c751e8b465ee728b)
Start importing Assets/Plugins/Android/mainTemplate.gradle.DISABLED using Guid(597382be34ba97f4494f2eaaaf698f6a) Importer(815301076,1909f56bfc062723c751e8b465ee728b)  -> (artifact id: 'ab577799cbc31b65b0bc0310e616f55f') in 0.006543 seconds 
========================================================================
Received Import Request.
  Time since last request: 4.131621 seconds.
  path: Assets/Plugins/Android/baseProjectTemplate.gradle.DISABLED
  artifactKey: Guid(7c1af21925b3d2e4082320a230f33755) Importer(815301076,1909f56bfc062723c751e8b465ee728b)
Start importing Assets/Plugins/Android/baseProjectTemplate.gradle.DISABLED using Guid(7c1af21925b3d2e4082320a230f33755) Importer(815301076,1909f56bfc062723c751e8b465ee728b)  -> (artifact id: 'f0857792a5d54d96e08d8d3c50ed150d') in 0.006960 seconds 
========================================================================
Received Import Request.
  Time since last request: 0.810892 seconds.
  path: Assets/Plugins/Android/gradleTemplate.properties
  artifactKey: Guid(e8d41a3811549874ea4a623609085de2) Importer(815301076,1909f56bfc062723c751e8b465ee728b)
Start importing Assets/Plugins/Android/gradleTemplate.properties using Guid(e8d41a3811549874ea4a623609085de2) Importer(815301076,1909f56bfc062723c751e8b465ee728b)  -> (artifact id: '18e4b4c452f4b85433b81f0765dd49e4') in 0.009642 seconds 
========================================================================
Received Import Request.
  Time since last request: 6.595777 seconds.
  path: Assets/Plugins/Android/gradleTemplate.properties
  artifactKey: Guid(e8d41a3811549874ea4a623609085de2) Importer(815301076,1909f56bfc062723c751e8b465ee728b)
Start importing Assets/Plugins/Android/gradleTemplate.properties using Guid(e8d41a3811549874ea4a623609085de2) Importer(815301076,1909f56bfc062723c751e8b465ee728b)  -> (artifact id: '4bd4fddd89addd6e346545bf76f6536e') in 0.004122 seconds 
========================================================================
Received Prepare
Refreshing native plugins compatible for Editor in 2.79 ms, found 3 plugins.
Preloading 0 native plugins for Editor in 0.00 ms.
Unloading 18 Unused Serialized files (Serialized files now loaded: 0)
System memory in use before: 53.3 MB.
System memory in use after: 53.3 MB.

Unloading 18 unused Assets to reduce memory usage. Loaded Objects now: 2626.
Total: 4.395400 ms (FindLiveObjects: 0.218000 ms CreateObjectMapping: 0.056000 ms MarkObjects: 3.961500 ms  DeleteObjects: 0.158900 ms)

AssetImportParameters requested are different than current active one (requested -> active):
  custom:framework-win-MediaFoundation: 216162199b28c13a410421893ffa2e32 -> 
  custom:video-decoder-ogg-theora: a1e56fd34408186e4bbccfd4996cb3dc -> 
  custom:container-muxer-webm: aa71ff27fc2769a1b78a27578f13a17b -> 
  custom:container-demuxer-webm: 4f35f7cbe854078d1ac9338744f61a02 -> 
  custom:container-demuxer-ogg: 62fdf1f143b41e24485cea50d1cbac27 -> 
  custom:video-encoder-webm-vp8: eb34c28f22e8b96e1ab97ce403110664 -> 
  custom:video-decoder-webm-vp8: 9c59270c3fd7afecdb556c50c9e8de78 -> 
  custom:audio-decoder-ogg-vorbis: bf7c407c2cedff20999df2af8eb42d56 -> 
  custom:audio-encoder-webm-vorbis: bf7c407c2cedff20999df2af8eb42d56 -> 
========================================================================
Received Prepare
Refreshing native plugins compatible for Editor in 2.92 ms, found 3 plugins.
Preloading 0 native plugins for Editor in 0.00 ms.
Unloading 18 Unused Serialized files (Serialized files now loaded: 0)
System memory in use before: 53.3 MB.
System memory in use after: 53.3 MB.

Unloading 18 unused Assets to reduce memory usage. Loaded Objects now: 2626.
Total: 4.308900 ms (FindLiveObjects: 0.232200 ms CreateObjectMapping: 0.058400 ms MarkObjects: 3.755900 ms  DeleteObjects: 0.261000 ms)

AssetImportParameters requested are different than current active one (requested -> active):
  custom:framework-win-MediaFoundation: 216162199b28c13a410421893ffa2e32 -> 
  custom:video-decoder-ogg-theora: a1e56fd34408186e4bbccfd4996cb3dc -> 
  custom:container-muxer-webm: aa71ff27fc2769a1b78a27578f13a17b -> 
  custom:container-demuxer-webm: 4f35f7cbe854078d1ac9338744f61a02 -> 
  custom:container-demuxer-ogg: 62fdf1f143b41e24485cea50d1cbac27 -> 
  custom:video-encoder-webm-vp8: eb34c28f22e8b96e1ab97ce403110664 -> 
  custom:video-decoder-webm-vp8: 9c59270c3fd7afecdb556c50c9e8de78 -> 
  custom:audio-decoder-ogg-vorbis: bf7c407c2cedff20999df2af8eb42d56 -> 
  custom:audio-encoder-webm-vorbis: bf7c407c2cedff20999df2af8eb42d56 -> 
========================================================================
Received Prepare
Refreshing native plugins compatible for Editor in 3.02 ms, found 3 plugins.
Preloading 0 native plugins for Editor in 0.00 ms.
Unloading 18 Unused Serialized files (Serialized files now loaded: 0)
System memory in use before: 53.3 MB.
System memory in use after: 53.3 MB.

Unloading 18 unused Assets to reduce memory usage. Loaded Objects now: 2626.
Total: 4.398000 ms (FindLiveObjects: 0.327400 ms CreateObjectMapping: 0.116900 ms MarkObjects: 3.736000 ms  DeleteObjects: 0.215600 ms)

AssetImportParameters requested are different than current active one (requested -> active):
  custom:framework-win-MediaFoundation: 216162199b28c13a410421893ffa2e32 -> 
  custom:video-decoder-ogg-theora: a1e56fd34408186e4bbccfd4996cb3dc -> 
  custom:container-muxer-webm: aa71ff27fc2769a1b78a27578f13a17b -> 
  custom:container-demuxer-webm: 4f35f7cbe854078d1ac9338744f61a02 -> 
  custom:container-demuxer-ogg: 62fdf1f143b41e24485cea50d1cbac27 -> 
  custom:video-encoder-webm-vp8: eb34c28f22e8b96e1ab97ce403110664 -> 
  custom:video-decoder-webm-vp8: 9c59270c3fd7afecdb556c50c9e8de78 -> 
  custom:audio-decoder-ogg-vorbis: bf7c407c2cedff20999df2af8eb42d56 -> 
  custom:audio-encoder-webm-vorbis: bf7c407c2cedff20999df2af8eb42d56 -> 
========================================================================
Received Import Request.
  Time since last request: 441.265638 seconds.
  path: Assets/Plugins/Android/gradleTemplate.properties.backup
  artifactKey: Guid(4b9ab9f90682c3f45a2c9b9eb900f337) Importer(815301076,1909f56bfc062723c751e8b465ee728b)
Start importing Assets/Plugins/Android/gradleTemplate.properties.backup using Guid(4b9ab9f90682c3f45a2c9b9eb900f337) Importer(815301076,1909f56bfc062723c751e8b465ee728b)  -> (artifact id: 'b1a7dbc21ac0c6f12ee86475d4486a61') in 0.008774 seconds 
========================================================================
Received Import Request.
  Time since last request: 1.569391 seconds.
  path: Assets/Plugins/Android/gradleTemplate.properties
  artifactKey: Guid(e8d41a3811549874ea4a623609085de2) Importer(815301076,1909f56bfc062723c751e8b465ee728b)
Start importing Assets/Plugins/Android/gradleTemplate.properties using Guid(e8d41a3811549874ea4a623609085de2) Importer(815301076,1909f56bfc062723c751e8b465ee728b)  -> (artifact id: 'dba600f2c43566f22f75c07236e6d992') in 0.002825 seconds 
========================================================================
Received Import Request.
  Time since last request: 10.383492 seconds.
  path: Assets/Plugins/Android/gradleTemplate.properties
  artifactKey: Guid(e8d41a3811549874ea4a623609085de2) Importer(815301076,1909f56bfc062723c751e8b465ee728b)
Start importing Assets/Plugins/Android/gradleTemplate.properties using Guid(e8d41a3811549874ea4a623609085de2) Importer(815301076,1909f56bfc062723c751e8b465ee728b)  -> (artifact id: '7fa0f36b6663871524deb83f3b8a17e0') in 0.004224 seconds 
========================================================================
Received Prepare
Refreshing native plugins compatible for Editor in 4.61 ms, found 3 plugins.
Preloading 0 native plugins for Editor in 0.00 ms.
Unloading 18 Unused Serialized files (Serialized files now loaded: 0)
System memory in use before: 53.3 MB.
System memory in use after: 53.3 MB.

Unloading 18 unused Assets to reduce memory usage. Loaded Objects now: 2626.
Total: 4.090400 ms (FindLiveObjects: 0.258100 ms CreateObjectMapping: 0.102600 ms MarkObjects: 3.566100 ms  DeleteObjects: 0.161900 ms)

AssetImportParameters requested are different than current active one (requested -> active):
  custom:framework-win-MediaFoundation: 216162199b28c13a410421893ffa2e32 -> 
  custom:video-decoder-ogg-theora: a1e56fd34408186e4bbccfd4996cb3dc -> 
  custom:container-muxer-webm: aa71ff27fc2769a1b78a27578f13a17b -> 
  custom:container-demuxer-webm: 4f35f7cbe854078d1ac9338744f61a02 -> 
  custom:container-demuxer-ogg: 62fdf1f143b41e24485cea50d1cbac27 -> 
  custom:video-encoder-webm-vp8: eb34c28f22e8b96e1ab97ce403110664 -> 
  custom:video-decoder-webm-vp8: 9c59270c3fd7afecdb556c50c9e8de78 -> 
  custom:audio-decoder-ogg-vorbis: bf7c407c2cedff20999df2af8eb42d56 -> 
  custom:audio-encoder-webm-vorbis: bf7c407c2cedff20999df2af8eb42d56 -> 
========================================================================
Received Import Request.
  Time since last request: 48.222527 seconds.
  path: Assets/Plugins/Android/baseProjectTemplate.gradle
  artifactKey: Guid(d68a4de235a25084a8f70d8b4d5f18d2) Importer(815301076,1909f56bfc062723c751e8b465ee728b)
Start importing Assets/Plugins/Android/baseProjectTemplate.gradle using Guid(d68a4de235a25084a8f70d8b4d5f18d2) Importer(815301076,1909f56bfc062723c751e8b465ee728b)  -> (artifact id: 'fc464f4e87fbe967d9ed8ba72945d077') in 0.003379 seconds 
========================================================================
Received Import Request.
  Time since last request: 10.853196 seconds.
  path: Assets/Plugins/Android/baseProjectTemplate.gradle
  artifactKey: Guid(d68a4de235a25084a8f70d8b4d5f18d2) Importer(815301076,1909f56bfc062723c751e8b465ee728b)
Start importing Assets/Plugins/Android/baseProjectTemplate.gradle using Guid(d68a4de235a25084a8f70d8b4d5f18d2) Importer(815301076,1909f56bfc062723c751e8b465ee728b)  -> (artifact id: '62ca2f65fddb2f29d78503dfdbce10b6') in 0.004442 seconds 
========================================================================
Received Prepare
Refreshing native plugins compatible for Editor in 4.07 ms, found 3 plugins.
Preloading 0 native plugins for Editor in 0.00 ms.
Unloading 18 Unused Serialized files (Serialized files now loaded: 0)
System memory in use before: 53.3 MB.
System memory in use after: 53.3 MB.

Unloading 18 unused Assets to reduce memory usage. Loaded Objects now: 2626.
Total: 5.186600 ms (FindLiveObjects: 0.293400 ms CreateObjectMapping: 0.074500 ms MarkObjects: 4.594400 ms  DeleteObjects: 0.222100 ms)

AssetImportParameters requested are different than current active one (requested -> active):
  custom:framework-win-MediaFoundation: 216162199b28c13a410421893ffa2e32 -> 
  custom:video-decoder-ogg-theora: a1e56fd34408186e4bbccfd4996cb3dc -> 
  custom:container-muxer-webm: aa71ff27fc2769a1b78a27578f13a17b -> 
  custom:container-demuxer-webm: 4f35f7cbe854078d1ac9338744f61a02 -> 
  custom:container-demuxer-ogg: 62fdf1f143b41e24485cea50d1cbac27 -> 
  custom:video-encoder-webm-vp8: eb34c28f22e8b96e1ab97ce403110664 -> 
  custom:video-decoder-webm-vp8: 9c59270c3fd7afecdb556c50c9e8de78 -> 
  custom:audio-decoder-ogg-vorbis: bf7c407c2cedff20999df2af8eb42d56 -> 
  custom:audio-encoder-webm-vorbis: bf7c407c2cedff20999df2af8eb42d56 -> 
========================================================================
Received Prepare
Refreshing native plugins compatible for Editor in 2.37 ms, found 3 plugins.
Preloading 0 native plugins for Editor in 0.00 ms.
Unloading 18 Unused Serialized files (Serialized files now loaded: 0)
System memory in use before: 53.3 MB.
System memory in use after: 53.3 MB.

Unloading 18 unused Assets to reduce memory usage. Loaded Objects now: 2626.
Total: 3.957500 ms (FindLiveObjects: 0.235700 ms CreateObjectMapping: 0.057500 ms MarkObjects: 3.524500 ms  DeleteObjects: 0.138600 ms)

AssetImportParameters requested are different than current active one (requested -> active):
  custom:framework-win-MediaFoundation: 216162199b28c13a410421893ffa2e32 -> 
  custom:video-decoder-ogg-theora: a1e56fd34408186e4bbccfd4996cb3dc -> 
  custom:container-muxer-webm: aa71ff27fc2769a1b78a27578f13a17b -> 
  custom:container-demuxer-webm: 4f35f7cbe854078d1ac9338744f61a02 -> 
  custom:container-demuxer-ogg: 62fdf1f143b41e24485cea50d1cbac27 -> 
  custom:video-encoder-webm-vp8: eb34c28f22e8b96e1ab97ce403110664 -> 
  custom:video-decoder-webm-vp8: 9c59270c3fd7afecdb556c50c9e8de78 -> 
  custom:audio-decoder-ogg-vorbis: bf7c407c2cedff20999df2af8eb42d56 -> 
  custom:audio-encoder-webm-vorbis: bf7c407c2cedff20999df2af8eb42d56 -> 
========================================================================
Received Prepare
Refreshing native plugins compatible for Editor in 2.67 ms, found 3 plugins.
Preloading 0 native plugins for Editor in 0.00 ms.
Unloading 18 Unused Serialized files (Serialized files now loaded: 0)
System memory in use before: 53.3 MB.
System memory in use after: 53.3 MB.

Unloading 18 unused Assets to reduce memory usage. Loaded Objects now: 2626.
Total: 4.063700 ms (FindLiveObjects: 0.223300 ms CreateObjectMapping: 0.057000 ms MarkObjects: 3.627400 ms  DeleteObjects: 0.154200 ms)

AssetImportParameters requested are different than current active one (requested -> active):
  custom:framework-win-MediaFoundation: 216162199b28c13a410421893ffa2e32 -> 
  custom:video-decoder-ogg-theora: a1e56fd34408186e4bbccfd4996cb3dc -> 
  custom:container-muxer-webm: aa71ff27fc2769a1b78a27578f13a17b -> 
  custom:container-demuxer-webm: 4f35f7cbe854078d1ac9338744f61a02 -> 
  custom:container-demuxer-ogg: 62fdf1f143b41e24485cea50d1cbac27 -> 
  custom:video-encoder-webm-vp8: eb34c28f22e8b96e1ab97ce403110664 -> 
  custom:video-decoder-webm-vp8: 9c59270c3fd7afecdb556c50c9e8de78 -> 
  custom:audio-decoder-ogg-vorbis: bf7c407c2cedff20999df2af8eb42d56 -> 
  custom:audio-encoder-webm-vorbis: bf7c407c2cedff20999df2af8eb42d56 -> 
========================================================================
Received Prepare
Refreshing native plugins compatible for Editor in 3.28 ms, found 3 plugins.
Preloading 0 native plugins for Editor in 0.00 ms.
Unloading 18 Unused Serialized files (Serialized files now loaded: 0)
System memory in use before: 53.3 MB.
System memory in use after: 53.3 MB.

Unloading 18 unused Assets to reduce memory usage. Loaded Objects now: 2626.
Total: 3.499100 ms (FindLiveObjects: 0.208200 ms CreateObjectMapping: 0.056100 ms MarkObjects: 3.067700 ms  DeleteObjects: 0.165600 ms)

AssetImportParameters requested are different than current active one (requested -> active):
  custom:framework-win-MediaFoundation: 216162199b28c13a410421893ffa2e32 -> 
  custom:video-decoder-ogg-theora: a1e56fd34408186e4bbccfd4996cb3dc -> 
  custom:container-muxer-webm: aa71ff27fc2769a1b78a27578f13a17b -> 
  custom:container-demuxer-webm: 4f35f7cbe854078d1ac9338744f61a02 -> 
  custom:container-demuxer-ogg: 62fdf1f143b41e24485cea50d1cbac27 -> 
  custom:video-encoder-webm-vp8: eb34c28f22e8b96e1ab97ce403110664 -> 
  custom:video-decoder-webm-vp8: 9c59270c3fd7afecdb556c50c9e8de78 -> 
  custom:audio-decoder-ogg-vorbis: bf7c407c2cedff20999df2af8eb42d56 -> 
  custom:audio-encoder-webm-vorbis: bf7c407c2cedff20999df2af8eb42d56 -> 
========================================================================
Received Prepare
Registering precompiled user dll's ...
Registered in 0.001865 seconds.
Begin MonoManager ReloadAssembly
Native extension for WindowsStandalone target not found
Refreshing native plugins compatible for Editor in 30.43 ms, found 2 plugins.
Preloading 0 native plugins for Editor in 0.00 ms.
Mono: successfully reloaded assembly
- Completed reload, in  0.926 seconds
Domain Reload Profiling:
	ReloadAssembly (927ms)
		BeginReloadAssembly (112ms)
			ExecutionOrderSort (0ms)
			DisableScriptedObjects (6ms)
			BackupInstance (0ms)
			ReleaseScriptingObjects (0ms)
			CreateAndSetChildDomain (37ms)
		EndReloadAssembly (761ms)
			LoadAssemblies (85ms)
			RebuildTransferFunctionScriptingTraits (0ms)
			SetupTypeCache (250ms)
			ReleaseScriptCaches (1ms)
			RebuildScriptCaches (36ms)
			SetupLoadedEditorAssemblies (287ms)
				LogAssemblyErrors (0ms)
				InitializePlatformSupportModulesInManaged (4ms)
				SetLoadedEditorAssemblies (0ms)
				RefreshPlugins (31ms)
				BeforeProcessingInitializeOnLoad (63ms)
				ProcessInitializeOnLoadAttributes (174ms)
				ProcessInitializeOnLoadMethodAttributes (14ms)
				AfterProcessingInitializeOnLoad (1ms)
				EditorAssembliesLoaded (0ms)
			ExecutionOrderSort2 (0ms)
			AwakeInstancesAfterBackupRestoration (2ms)
Platform modules already initialized, skipping
Switching build target platform(19) subTarget(0) extendedPlatform(0) -> platform(13) subTarget(537395200) extendedPlatform(0)
Refreshing native plugins compatible for Editor in 0.40 ms, found 2 plugins.
Preloading 0 native plugins for Editor in 0.00 ms.
Unloading 1496 Unused Serialized files (Serialized files now loaded: 0)
System memory in use before: 81.9 MB.
System memory in use after: 82.0 MB.

Unloading 155 unused Assets to reduce memory usage. Loaded Objects now: 2486.
Total: 3.054300 ms (FindLiveObjects: 0.214300 ms CreateObjectMapping: 0.053600 ms MarkObjects: 2.661800 ms  DeleteObjects: 0.123400 ms)

AssetImportParameters requested are different than current active one (requested -> active):
  custom:framework-win-MediaFoundation: 216162199b28c13a410421893ffa2e32 -> 
  custom:video-decoder-ogg-theora: a1e56fd34408186e4bbccfd4996cb3dc -> 
  custom:container-muxer-webm: aa71ff27fc2769a1b78a27578f13a17b -> 
  custom:container-demuxer-webm: 4f35f7cbe854078d1ac9338744f61a02 -> 
  custom:container-demuxer-ogg: 62fdf1f143b41e24485cea50d1cbac27 -> 
  custom:video-encoder-webm-vp8: eb34c28f22e8b96e1ab97ce403110664 -> 
  custom:video-decoder-webm-vp8: 9c59270c3fd7afecdb556c50c9e8de78 -> 
  custom:graphics/normal-map-encoding: 01000000000000000000000000000000 -> 02000000000000000000000000000000
  custom:audio-decoder-ogg-vorbis: bf7c407c2cedff20999df2af8eb42d56 -> 
  custom:audio-encoder-webm-vorbis: bf7c407c2cedff20999df2af8eb42d56 -> 
========================================================================
Received Prepare
Refreshing native plugins compatible for Editor in 2.37 ms, found 2 plugins.
Preloading 0 native plugins for Editor in 0.00 ms.
Unloading 10 Unused Serialized files (Serialized files now loaded: 0)
System memory in use before: 48.9 MB.
System memory in use after: 49.0 MB.

Unloading 10 unused Assets to reduce memory usage. Loaded Objects now: 2486.
Total: 3.627200 ms (FindLiveObjects: 0.239800 ms CreateObjectMapping: 0.062600 ms MarkObjects: 3.224500 ms  DeleteObjects: 0.099200 ms)

AssetImportParameters requested are different than current active one (requested -> active):
  custom:framework-win-MediaFoundation: 216162199b28c13a410421893ffa2e32 -> 
  custom:video-decoder-ogg-theora: a1e56fd34408186e4bbccfd4996cb3dc -> 
  custom:container-muxer-webm: aa71ff27fc2769a1b78a27578f13a17b -> 
  custom:container-demuxer-webm: 4f35f7cbe854078d1ac9338744f61a02 -> 
  custom:container-demuxer-ogg: 62fdf1f143b41e24485cea50d1cbac27 -> 
  custom:video-encoder-webm-vp8: eb34c28f22e8b96e1ab97ce403110664 -> 
  custom:video-decoder-webm-vp8: 9c59270c3fd7afecdb556c50c9e8de78 -> 
  custom:audio-decoder-ogg-vorbis: bf7c407c2cedff20999df2af8eb42d56 -> 
  custom:audio-encoder-webm-vorbis: bf7c407c2cedff20999df2af8eb42d56 -> 
========================================================================
Received Prepare
Refreshing native plugins compatible for Editor in 1.93 ms, found 2 plugins.
Preloading 0 native plugins for Editor in 0.00 ms.
Unloading 10 Unused Serialized files (Serialized files now loaded: 0)
System memory in use before: 48.9 MB.
System memory in use after: 49.0 MB.

Unloading 10 unused Assets to reduce memory usage. Loaded Objects now: 2486.
Total: 3.227700 ms (FindLiveObjects: 0.230000 ms CreateObjectMapping: 0.052100 ms MarkObjects: 2.871400 ms  DeleteObjects: 0.073300 ms)

AssetImportParameters requested are different than current active one (requested -> active):
  custom:framework-win-MediaFoundation: 216162199b28c13a410421893ffa2e32 -> 
  custom:video-decoder-ogg-theora: a1e56fd34408186e4bbccfd4996cb3dc -> 
  custom:container-muxer-webm: aa71ff27fc2769a1b78a27578f13a17b -> 
  custom:container-demuxer-webm: 4f35f7cbe854078d1ac9338744f61a02 -> 
  custom:container-demuxer-ogg: 62fdf1f143b41e24485cea50d1cbac27 -> 
  custom:video-encoder-webm-vp8: eb34c28f22e8b96e1ab97ce403110664 -> 
  custom:video-decoder-webm-vp8: 9c59270c3fd7afecdb556c50c9e8de78 -> 
  custom:audio-decoder-ogg-vorbis: bf7c407c2cedff20999df2af8eb42d56 -> 
  custom:audio-encoder-webm-vorbis: bf7c407c2cedff20999df2af8eb42d56 -> 
========================================================================
Received Import Request.
  Time since last request: 758.240640 seconds.
  path: Assets/Plugins/Android/gradleTemplate.properties
  artifactKey: Guid(e8d41a3811549874ea4a623609085de2) Importer(815301076,1909f56bfc062723c751e8b465ee728b)
Start importing Assets/Plugins/Android/gradleTemplate.properties using Guid(e8d41a3811549874ea4a623609085de2) Importer(815301076,1909f56bfc062723c751e8b465ee728b)  -> (artifact id: '740ec0186fe7161327092425e2cac407') in 0.024020 seconds 
========================================================================
Received Prepare
Refreshing native plugins compatible for Editor in 2.29 ms, found 2 plugins.
Preloading 0 native plugins for Editor in 0.00 ms.
Unloading 10 Unused Serialized files (Serialized files now loaded: 0)
System memory in use before: 48.9 MB.
System memory in use after: 49.0 MB.

Unloading 10 unused Assets to reduce memory usage. Loaded Objects now: 2486.
Total: 4.553900 ms (FindLiveObjects: 0.590800 ms CreateObjectMapping: 0.170800 ms MarkObjects: 3.714800 ms  DeleteObjects: 0.074600 ms)

AssetImportParameters requested are different than current active one (requested -> active):
  custom:framework-win-MediaFoundation: 216162199b28c13a410421893ffa2e32 -> 
  custom:video-decoder-ogg-theora: a1e56fd34408186e4bbccfd4996cb3dc -> 
  custom:container-muxer-webm: aa71ff27fc2769a1b78a27578f13a17b -> 
  custom:container-demuxer-webm: 4f35f7cbe854078d1ac9338744f61a02 -> 
  custom:container-demuxer-ogg: 62fdf1f143b41e24485cea50d1cbac27 -> 
  custom:video-encoder-webm-vp8: eb34c28f22e8b96e1ab97ce403110664 -> 
  custom:video-decoder-webm-vp8: 9c59270c3fd7afecdb556c50c9e8de78 -> 
  custom:audio-decoder-ogg-vorbis: bf7c407c2cedff20999df2af8eb42d56 -> 
  custom:audio-encoder-webm-vorbis: bf7c407c2cedff20999df2af8eb42d56 -> 
========================================================================
Received Prepare
Refreshing native plugins compatible for Editor in 1.83 ms, found 2 plugins.
Preloading 0 native plugins for Editor in 0.00 ms.
Unloading 10 Unused Serialized files (Serialized files now loaded: 0)
System memory in use before: 48.9 MB.
System memory in use after: 49.0 MB.

Unloading 10 unused Assets to reduce memory usage. Loaded Objects now: 2486.
Total: 3.957200 ms (FindLiveObjects: 0.218500 ms CreateObjectMapping: 0.050400 ms MarkObjects: 3.614400 ms  DeleteObjects: 0.072300 ms)

AssetImportParameters requested are different than current active one (requested -> active):
  custom:framework-win-MediaFoundation: 216162199b28c13a410421893ffa2e32 -> 
  custom:video-decoder-ogg-theora: a1e56fd34408186e4bbccfd4996cb3dc -> 
  custom:container-muxer-webm: aa71ff27fc2769a1b78a27578f13a17b -> 
  custom:container-demuxer-webm: 4f35f7cbe854078d1ac9338744f61a02 -> 
  custom:container-demuxer-ogg: 62fdf1f143b41e24485cea50d1cbac27 -> 
  custom:video-encoder-webm-vp8: eb34c28f22e8b96e1ab97ce403110664 -> 
  custom:video-decoder-webm-vp8: 9c59270c3fd7afecdb556c50c9e8de78 -> 
  custom:audio-decoder-ogg-vorbis: bf7c407c2cedff20999df2af8eb42d56 -> 
  custom:audio-encoder-webm-vorbis: bf7c407c2cedff20999df2af8eb42d56 -> 
========================================================================
Received Import Request.
  Time since last request: 246.337049 seconds.
  path: Assets/Plugins/Android/gradleTemplate.properties
  artifactKey: Guid(e8d41a3811549874ea4a623609085de2) Importer(815301076,1909f56bfc062723c751e8b465ee728b)
Start importing Assets/Plugins/Android/gradleTemplate.properties using Guid(e8d41a3811549874ea4a623609085de2) Importer(815301076,1909f56bfc062723c751e8b465ee728b)  -> (artifact id: '9699e0eb47fcdbbe321e07c08fd77935') in 0.004373 seconds 
========================================================================
Received Import Request.
  Time since last request: 6.650512 seconds.
  path: Assets/Plugins/Android/gradleTemplate.properties
  artifactKey: Guid(e8d41a3811549874ea4a623609085de2) Importer(815301076,1909f56bfc062723c751e8b465ee728b)
Start importing Assets/Plugins/Android/gradleTemplate.properties using Guid(e8d41a3811549874ea4a623609085de2) Importer(815301076,1909f56bfc062723c751e8b465ee728b)  -> (artifact id: '0a0e10fcdabb3029ce0ecc5265711ec8') in 0.004640 seconds 
========================================================================
Received Prepare
Refreshing native plugins compatible for Editor in 2.43 ms, found 2 plugins.
Preloading 0 native plugins for Editor in 0.00 ms.
Unloading 10 Unused Serialized files (Serialized files now loaded: 0)
System memory in use before: 48.9 MB.
System memory in use after: 49.0 MB.

Unloading 10 unused Assets to reduce memory usage. Loaded Objects now: 2486.
Total: 3.999500 ms (FindLiveObjects: 0.213900 ms CreateObjectMapping: 0.051600 ms MarkObjects: 3.655500 ms  DeleteObjects: 0.077500 ms)

AssetImportParameters requested are different than current active one (requested -> active):
  custom:framework-win-MediaFoundation: 216162199b28c13a410421893ffa2e32 -> 
  custom:video-decoder-ogg-theora: a1e56fd34408186e4bbccfd4996cb3dc -> 
  custom:container-muxer-webm: aa71ff27fc2769a1b78a27578f13a17b -> 
  custom:container-demuxer-webm: 4f35f7cbe854078d1ac9338744f61a02 -> 
  custom:container-demuxer-ogg: 62fdf1f143b41e24485cea50d1cbac27 -> 
  custom:video-encoder-webm-vp8: eb34c28f22e8b96e1ab97ce403110664 -> 
  custom:video-decoder-webm-vp8: 9c59270c3fd7afecdb556c50c9e8de78 -> 
  custom:audio-decoder-ogg-vorbis: bf7c407c2cedff20999df2af8eb42d56 -> 
  custom:audio-encoder-webm-vorbis: bf7c407c2cedff20999df2af8eb42d56 -> 
========================================================================
Received Import Request.
  Time since last request: 155.647784 seconds.
  path: Assets/Plugins/Android/gradleTemplate.properties.backup
  artifactKey: Guid(4b9ab9f90682c3f45a2c9b9eb900f337) Importer(815301076,1909f56bfc062723c751e8b465ee728b)
Start importing Assets/Plugins/Android/gradleTemplate.properties.backup using Guid(4b9ab9f90682c3f45a2c9b9eb900f337) Importer(815301076,1909f56bfc062723c751e8b465ee728b)  -> (artifact id: 'd9660bc5cedc917873a15b005e124dd1') in 0.007148 seconds 
========================================================================
Received Import Request.
  Time since last request: 1.345175 seconds.
  path: Assets/Plugins/Android/mainTemplate.gradle
  artifactKey: Guid(c63bc11dca0500a4c8364129c44268d9) Importer(815301076,1909f56bfc062723c751e8b465ee728b)
Start importing Assets/Plugins/Android/mainTemplate.gradle using Guid(c63bc11dca0500a4c8364129c44268d9) Importer(815301076,1909f56bfc062723c751e8b465ee728b)  -> (artifact id: '69de701b8a8da92c84c3db7da97f9018') in 0.007170 seconds 
========================================================================
Received Prepare
Refreshing native plugins compatible for Editor in 2.84 ms, found 2 plugins.
Preloading 0 native plugins for Editor in 0.00 ms.
Unloading 10 Unused Serialized files (Serialized files now loaded: 0)
System memory in use before: 48.9 MB.
System memory in use after: 49.0 MB.

Unloading 10 unused Assets to reduce memory usage. Loaded Objects now: 2486.
Total: 3.936200 ms (FindLiveObjects: 0.221900 ms CreateObjectMapping: 0.052700 ms MarkObjects: 3.594200 ms  DeleteObjects: 0.066300 ms)

AssetImportParameters requested are different than current active one (requested -> active):
  custom:framework-win-MediaFoundation: 216162199b28c13a410421893ffa2e32 -> 
  custom:video-decoder-ogg-theora: a1e56fd34408186e4bbccfd4996cb3dc -> 
  custom:container-muxer-webm: aa71ff27fc2769a1b78a27578f13a17b -> 
  custom:container-demuxer-webm: 4f35f7cbe854078d1ac9338744f61a02 -> 
  custom:container-demuxer-ogg: 62fdf1f143b41e24485cea50d1cbac27 -> 
  custom:video-encoder-webm-vp8: eb34c28f22e8b96e1ab97ce403110664 -> 
  custom:video-decoder-webm-vp8: 9c59270c3fd7afecdb556c50c9e8de78 -> 
  custom:audio-decoder-ogg-vorbis: bf7c407c2cedff20999df2af8eb42d56 -> 
  custom:audio-encoder-webm-vorbis: bf7c407c2cedff20999df2af8eb42d56 -> 
========================================================================
Received Prepare
Refreshing native plugins compatible for Editor in 1.98 ms, found 2 plugins.
Preloading 0 native plugins for Editor in 0.00 ms.
Unloading 10 Unused Serialized files (Serialized files now loaded: 0)
System memory in use before: 48.9 MB.
System memory in use after: 49.0 MB.

Unloading 10 unused Assets to reduce memory usage. Loaded Objects now: 2486.
Total: 5.123700 ms (FindLiveObjects: 0.230100 ms CreateObjectMapping: 0.055400 ms MarkObjects: 4.735900 ms  DeleteObjects: 0.100700 ms)

AssetImportParameters requested are different than current active one (requested -> active):
  custom:framework-win-MediaFoundation: 216162199b28c13a410421893ffa2e32 -> 
  custom:video-decoder-ogg-theora: a1e56fd34408186e4bbccfd4996cb3dc -> 
  custom:container-muxer-webm: aa71ff27fc2769a1b78a27578f13a17b -> 
  custom:container-demuxer-webm: 4f35f7cbe854078d1ac9338744f61a02 -> 
  custom:container-demuxer-ogg: 62fdf1f143b41e24485cea50d1cbac27 -> 
  custom:video-encoder-webm-vp8: eb34c28f22e8b96e1ab97ce403110664 -> 
  custom:video-decoder-webm-vp8: 9c59270c3fd7afecdb556c50c9e8de78 -> 
  custom:audio-decoder-ogg-vorbis: bf7c407c2cedff20999df2af8eb42d56 -> 
  custom:audio-encoder-webm-vorbis: bf7c407c2cedff20999df2af8eb42d56 -> 
========================================================================
Received Prepare
Refreshing native plugins compatible for Editor in 2.08 ms, found 2 plugins.
Preloading 0 native plugins for Editor in 0.00 ms.
Unloading 10 Unused Serialized files (Serialized files now loaded: 0)
System memory in use before: 48.9 MB.
System memory in use after: 49.0 MB.

Unloading 10 unused Assets to reduce memory usage. Loaded Objects now: 2486.
Total: 3.731900 ms (FindLiveObjects: 0.217500 ms CreateObjectMapping: 0.053300 ms MarkObjects: 3.385800 ms  DeleteObjects: 0.074100 ms)

AssetImportParameters requested are different than current active one (requested -> active):
  custom:framework-win-MediaFoundation: 216162199b28c13a410421893ffa2e32 -> 
  custom:video-decoder-ogg-theora: a1e56fd34408186e4bbccfd4996cb3dc -> 
  custom:container-muxer-webm: aa71ff27fc2769a1b78a27578f13a17b -> 
  custom:container-demuxer-webm: 4f35f7cbe854078d1ac9338744f61a02 -> 
  custom:container-demuxer-ogg: 62fdf1f143b41e24485cea50d1cbac27 -> 
  custom:video-encoder-webm-vp8: eb34c28f22e8b96e1ab97ce403110664 -> 
  custom:video-decoder-webm-vp8: 9c59270c3fd7afecdb556c50c9e8de78 -> 
  custom:audio-decoder-ogg-vorbis: bf7c407c2cedff20999df2af8eb42d56 -> 
  custom:audio-encoder-webm-vorbis: bf7c407c2cedff20999df2af8eb42d56 -> 
AssetImportWorkerClient::OnTransportError - code=2 error=End of file
